**********************
nStart der Windows PowerShell-Aufzeichnung
Startzeit: 20260105114141
Benutzername: DESKTOP-U1FPK9S\tubbeTEC
RunAs-Benutzer: DESKTOP-U1FPK9S\tubbeTEC
Konfigurationsname: 
Computer: DESKTOP-U1FPK9S (Microsoft Windows NT 10.0.19045.0)
Hostanwendung: C:\Windows\System32\WindowsPowerShell\v1.0\powershell.exe -NoProfile -NonInteractive -ExecutionPolicy Bypass -File scripts\diagnose-app-launch.ps1 -Aumid cc3a5ac8-ac09-4f03-b6c9-0cfd812841a0_4dnmwfyw5v01r!App -Minutes 20
Prozess-ID: 6976
PSVersion: 5.1.19041.6456
PSEdition: Desktop
PSCompatibleVersions: 1.0, 2.0, 3.0, 4.0, 5.0, 5.1.19041.6456
BuildVersion: 10.0.19041.6456
CLRVersion: 4.0.30319.42000
WSManStackVersion: 3.0
PSRemotingProtocolVersion: 2.3
SerializationVersion: 1.1.0.1
**********************

==== Launch diagnostic ====\n
Time:        2026-01-05T11:41:42.6425160+01:00
AUMID:       cc3a5ac8-ac09-4f03-b6c9-0cfd812841a0_4dnmwfyw5v01r!App
PFN:         cc3a5ac8-ac09-4f03-b6c9-0cfd812841a0_4dnmwfyw5v01r
Start window: 01/05/2026 11:21:41

==== Installed package details ====\n


Name              : cc3a5ac8-ac09-4f03-b6c9-0cfd812841a0
PackageFullName   : cc3a5ac8-ac09-4f03-b6c9-0cfd812841a0_1.0.0.0_x64__4dnmwfyw5v01r
PackageFamilyName : cc3a5ac8-ac09-4f03-b6c9-0cfd812841a0_4dnmwfyw5v01r
Status            : Ok
IsDevelopmentMode : False
InstallLocation   : C:\Program Files\WindowsApps\cc3a5ac8-ac09-4f03-b6c9-0cfd812841a0_1.0.0.0_x64__4dnmwfyw5v01r

==== Installed manifest + executable check ====\n
AppxManifest.xml: C:\Program Files\WindowsApps\cc3a5ac8-ac09-4f03-b6c9-0cfd812841a0_1.0.0.0_x64__4dnmwfyw5v01r\AppxManifest.xml
Executable:  anamnese-mobile.exe
EntryPoint:  anamnese-mobile.App

==== Manifest dependencies (PackageDependency) ====\n

Name                                     MinVersio
                                         n        
----                                     ---------
Microsoft.NET.CoreFramework.Debug.2.2    2.2.31...
Microsoft.NET.CoreRuntime.2.2            2.2.31...
Microsoft.UI.Xaml.2.8                    8.2207...
Microsoft.VCLibs.140.00.Debug            14.0.3...
Microsoft.VCLibs.140.00.Debug.UWPDesktop 14.0.3...

==== Dependency install check (Get-AppxPackage) ====\n
OK   Microsoft.NET.CoreFramework.Debug.2.2  2.2.31327.1  (X64)  Microsoft.NET.CoreFramework.Debug.2.2_2.2.31327.1_x64__8wekyb3d8bbwe
OK   Microsoft.NET.CoreRuntime.2.2  2.2.31331.1  (X64)  Microsoft.NET.CoreRuntime.2.2_2.2.31331.1_x64__8wekyb3d8bbwe
OK   Microsoft.UI.Xaml.2.8  8.2501.31001.0  (X64)  Microsoft.UI.Xaml.2.8_8.2501.31001.0_x64__8wekyb3d8bbwe
OK   Microsoft.VCLibs.140.00.Debug  14.0.33519.0  (X64)  Microsoft.VCLibs.140.00.Debug_14.0.33519.0_x64__8wekyb3d8bbwe
OK   Microsoft.VCLibs.140.00.Debug.UWPDesktop  14.0.33728.0  (X64)  Microsoft.VCLibs.140.00.Debug.UWPDesktop_14.0.33728.0_x64__8wekyb3d8bbwe
Exe path:    C:\Program Files\WindowsApps\cc3a5ac8-ac09-4f03-b6c9-0cfd812841a0_1.0.0.0_x64__4dnmwfyw5v01r\anamnese-mobile.exe
Exe exists:  True

==== Direct exe start (best-effort) ====\n
PS>TerminatingError(Start-Process): "Dieser Befehl kann aufgrund des folgenden Fehlers nicht ausgeführt werden: Zugriff verweigert."
Direct start ERROR: Dieser Befehl kann aufgrund des folgenden Fehlers nicht ausgeführt werden: Zugriff verweigert.

==== Installed folder exe listing ====\n

Name                 Length LastWriteTime      
----                 ------ -------------      
anamnese-mobile.exe 3558400 05.01.2026 10:51:08
UWPShim.exe           18312 05.01.2026 10:51:10

==== JS bundle presence (heuristic) ====\n
No *.bundle/*.jsbundle files found under InstallLocation.

==== Metro packager check (http://127.0.0.1:8081/status) ====\n
Status: 200
Body:   112 97 99 107 97 103 101 114 45 115 116 97 116 117 115 58 114 117 110 110 105 110 103

==== Attempt launch (explorer.exe) ====\n
explorer.exe launch invoked

==== Attempt launch (Shell.Application COM) ====\n
ShellExecute invoked

==== Process check ====\n
anamnese-mobile process: NOT RUNNING (never observed during polling)

==== Related host processes (informational) ====\n

Name                    Id StartTime          
----                    -- ---------          
ApplicationFrameHost  1292 05.01.2026 10:10:03
RuntimeBroker         6692 05.01.2026 10:05:49
RuntimeBroker        11060 05.01.2026 10:07:27
RuntimeBroker        11772 05.01.2026 10:05:48
RuntimeBroker        14476 05.01.2026 10:05:35
RuntimeBroker        14752 05.01.2026 10:05:39
RuntimeBroker        14912 05.01.2026 10:07:34
RuntimeBroker        16212 05.01.2026 10:07:36
RuntimeBroker        16876 05.01.2026 10:07:10

==== Process scan by InstallLocation (CIM) ====\n


Name        : powershell.exe
ProcessId   : 8264
CommandLine : C:\Windows\System32\WindowsPowerShell\v1.0\powershell.exe -Command powershell.exe -NoProfile -NonInteractive -ExecutionPolicy Bypass -File scripts\diagnose-app-launch.ps1 -Aumid cc3a5ac8-ac09-4f03-b6c9-0cfd812841a0_4dnmwfyw5v01r!App -Minutes 20

Name        : powershell.exe
ProcessId   : 6976
CommandLine : "C:\Windows\System32\WindowsPowerShell\v1.0\powershell.exe" -NoProfile -NonInteractive -ExecutionPolicy Bypass -File scripts\diagnose-app-launch.ps1 -Aumid cc3a5ac8-ac09-4f03-b6c9-0cfd812841a0_4dnmwfyw5v01r!App -Minutes 20

==== Recent Application log (crash/wer) ====\n
PS>TerminatingError(Get-WinEvent): "Der ausgeführte Befehl wurde beendet, da die Einstellungsvariable "ErrorActionPreference" oder ein allgemeiner Parameter auf "Stop" festgelegt ist: Es wurden keine Ereignisse gefunden, die den angegebenen Auswahlkriterien entsprechen.."
Application log query ERROR: Es wurden keine Ereignisse gefunden, die den angegebenen Auswahlkriterien entsprechen.

==== Recent Application Error/WER (unfiltered, first 15) ====\n
PS>TerminatingError(Get-WinEvent): "Der ausgeführte Befehl wurde beendet, da die Einstellungsvariable "ErrorActionPreference" oder ein allgemeiner Parameter auf "Stop" festgelegt ist: Es wurden keine Ereignisse gefunden, die den angegebenen Auswahlkriterien entsprechen.."
Application unfiltered query ERROR: Es wurden keine Ereignisse gefunden, die den angegebenen Auswahlkriterien entsprechen.

==== Recent Application Error/WER (filtered by app/host, first 50) ====\n
PS>TerminatingError(Get-WinEvent): "Der ausgeführte Befehl wurde beendet, da die Einstellungsvariable "ErrorActionPreference" oder ein allgemeiner Parameter auf "Stop" festgelegt ist: Es wurden keine Ereignisse gefunden, die den angegebenen Auswahlkriterien entsprechen.."
Application filtered query ERROR: Es wurden keine Ereignisse gefunden, die den angegebenen Auswahlkriterien entsprechen.

==== Recent AppModel-Runtime/Admin log ====\n


TimeCreated      : 05.01.2026 11:30:28
ProviderName     : Microsoft-Windows-AppModel-Runtime
Id               : 40
LevelDisplayName : Informationen
Message          : AppContainer "onecore\ds\security\gina\profile\profext\appcontainer.cpp Line:1813 anamnese-mobile cc3a5ac8-ac09-4f03-b6c9-0cfd812841a0_4dnmwfyw5v01r" wurde nicht erstellt, da er bereits vorhanden ist.

==== Recent AppModel-Runtime/Operational log ====\n
PS>TerminatingError(Get-WinEvent): "Der ausgeführte Befehl wurde beendet, da die Einstellungsvariable "ErrorActionPreference" oder ein allgemeiner Parameter auf "Stop" festgelegt ist: Auf dem Computer "localhost" wurde kein Ereignisprotokoll gefunden, das "Microsoft-Windows-AppModel-Runtime/Operational" entspricht.."
AppModel-Runtime/Operational query ERROR: Auf dem Computer "localhost" wurde kein Ereignisprotokoll gefunden, das "Microsoft-Windows-AppModel-Runtime/Operational" entspricht.

==== Recent TWinUI/Operational log ====\n


TimeCreated      : 05.01.2026 11:30:28
ProviderName     : Microsoft-Windows-Immersive-Shell
Id               : 1621
LevelDisplayName : Informationen
Message          : Aktivierung der App „cc3a5ac8-ac09-4f03-b6c9-0cfd812841a0_4dnmwfyw5v01r!App“ versucht. Ausführungsstatus: Attempted activation of the app, 0, Der Vorgang wurde erfolgreich beendet..

TimeCreated      : 05.01.2026 11:30:27
ProviderName     : Microsoft-Windows-Immersive-Shell
Id               : 1621
LevelDisplayName : Informationen
Message          : Aktivierung der App „cc3a5ac8-ac09-4f03-b6c9-0cfd812841a0_4dnmwfyw5v01r!App“ versucht. Ausführungsstatus: Attempted activation of the app, 0, Der Vorgang wurde erfolgreich beendet..

==== Recent AppXDeploymentServer/Operational log ====\n


TimeCreated      : 05.01.2026 11:30:29
ProviderName     : Microsoft-Windows-AppXDeployment-Server
Id               : 857
LevelDisplayName : Ausführlich
Message          : Abruf des Registrierungsstatus für Paketfamilie cc3a5ac8-ac09-4f03-b6c9-0cfd812841a0_4dnmwfyw5v01r wurde beendet. Ergebnis: 0x0.(statusFound: false, Status: 0x0)

TimeCreated      : 05.01.2026 11:30:29
ProviderName     : Microsoft-Windows-AppXDeployment-Server
Id               : 856
LevelDisplayName : Ausführlich
Message          : Registrierungsstatus für Paketfamilie cc3a5ac8-ac09-4f03-b6c9-0cfd812841a0_4dnmwfyw5v01r für Benutzer S-1-5-21-4244253877-375429984-2077537537-1001 wird abgerufen.

TimeCreated      : 05.01.2026 11:30:29
ProviderName     : Microsoft-Windows-AppXDeployment-Server
Id               : 857
LevelDisplayName : Ausführlich
Message          : Abruf des Registrierungsstatus für Paketfamilie cc3a5ac8-ac09-4f03-b6c9-0cfd812841a0_4dnmwfyw5v01r wurde beendet. Ergebnis: 0x0.(statusFound: false, Status: 0x0)

TimeCreated      : 05.01.2026 11:30:29
ProviderName     : Microsoft-Windows-AppXDeployment-Server
Id               : 856
LevelDisplayName : Ausführlich
Message          : Registrierungsstatus für Paketfamilie cc3a5ac8-ac09-4f03-b6c9-0cfd812841a0_4dnmwfyw5v01r für Benutzer S-1-5-21-4244253877-375429984-2077537537-1001 wird abgerufen.

TimeCreated      : 05.01.2026 11:30:29
ProviderName     : Microsoft-Windows-AppXDeployment-Server
Id               : 613
LevelDisplayName : Informationen
Message          : Leistungszusammenfassung des Bereitstellungsvorgangs Register für Paket cc3a5ac8-ac09-4f03-b6c9-0cfd812841a0_1.0.0.0_x64__4dnmwfyw5v01r: 
                   Overall time: 2093 ms
                   Gap: 140 ms
                   Enqueue cost: 63 ms
                   Dequeue delay: 62 ms
                   Bundle processing cost: 0 ms
                   Indexing cost: 16 ms
                   Resolve dependency cost: 125 ms
                   Gap: 15 ms
                   Check approval cost: 0 ms
                   Evaluation cost: 16 ms
                   Hardlinking evaluation cost: 0 ms
                   Stage required cost: 0 ms
                   Flushing and closing files cost: 0 ms
                   Gap: 16 ms
                   Machine register cost: 0 ms
                   Stage user data cost: 0 ms
                   Gap: 218 ms
                   Registration cost: 516 ms
                   Gap: 31 ms
                   Repository commit transaction cost: 688 ms
                   Gap: 172 ms
                   Data flush cost: 0 ms
                   Post DeStage repository commit transaction cost: 0 ms
                   Remaining cost: 15 ms
                   

TimeCreated      : 05.01.2026 11:30:29
ProviderName     : Microsoft-Windows-AppXDeployment-Server
Id               : 649
LevelDisplayName : Informationen
Message          : Bereitstellungsvorgang Register für das Paket cc3a5ac8-ac09-4f03-b6c9-0cfd812841a0_1.0.0.0_x64__4dnmwfyw5v01r: PostDeploymentOperationCheck cost: 0 ms

TimeCreated      : 05.01.2026 11:30:29
ProviderName     : Microsoft-Windows-AppXDeployment-Server
Id               : 400
LevelDisplayName : Informationen
Message          : Der Bereitstellungsvorgang "Register" mit Zielvolume "C:" für das Paket "cc3a5ac8-ac09-4f03-b6c9-0cfd812841a0_1.0.0.0_x64__4dnmwfyw5v01r" von " (AppxManifest.xml) " wurde erfolgreich abgeschlossen.

TimeCreated      : 05.01.2026 11:30:29
ProviderName     : Microsoft-Windows-AppXDeployment-Server
Id               : 10001
LevelDisplayName : Ausführlich
Message          : Die Verarbeitung des Pakets "cc3a5ac8-ac09-4f03-b6c9-0cfd812841a0_1.0.0.0_x64__4dnmwfyw5v01r" wurde abgeschlossen. Für das Festlegen des Paketstatus auf "Aktiviert" wurde "0x0" zurückgegeben.

TimeCreated      : 05.01.2026 11:30:29
ProviderName     : Microsoft-Windows-AppXDeployment-Server
Id               : 10001
LevelDisplayName : Ausführlich
Message          : Die Verarbeitung des Pakets "cc3a5ac8-ac09-4f03-b6c9-0cfd812841a0_1.0.0.0_x64__4dnmwfyw5v01r" wurde abgeschlossen. Für das Festlegen des Paketstatus auf "Aktiviert" wurde "0x0" zurückgegeben.

TimeCreated      : 05.01.2026 11:30:29
ProviderName     : Microsoft-Windows-AppXDeployment-Server
Id               : 10001
LevelDisplayName : Ausführlich
Message          : Die Verarbeitung des Pakets "cc3a5ac8-ac09-4f03-b6c9-0cfd812841a0_1.0.0.0_x64__4dnmwfyw5v01r" wurde abgeschlossen. Für das Festlegen des Paketstatus auf "Aktiviert" wurde "0x0" zurückgegeben.

TimeCreated      : 05.01.2026 11:30:29
ProviderName     : Microsoft-Windows-AppXDeployment-Server
Id               : 10001
LevelDisplayName : Ausführlich
Message          : Die Verarbeitung des Pakets "cc3a5ac8-ac09-4f03-b6c9-0cfd812841a0_1.0.0.0_x64__4dnmwfyw5v01r" wurde abgeschlossen. Für das Festlegen des Paketstatus auf "Aktiviert" wurde "0x0" zurückgegeben.

TimeCreated      : 05.01.2026 11:30:28
ProviderName     : Microsoft-Windows-AppXDeployment-Server
Id               : 5507
LevelDisplayName : Ausführlich
Message          : cc3a5ac8-ac09-4f03-b6c9-0cfd812841a0_1.0.0.0_x64__4dnmwfyw5v01r : C:\Program Files\WindowsApps\cc3a5ac8-ac09-4f03-b6c9-0cfd812841a0_1.0.0.0_x64__4dnmwfyw5v01r\microsoft.system.package.metadata\Resources.????????.pri : No shared merged files found

TimeCreated      : 05.01.2026 11:30:28
ProviderName     : Microsoft-Windows-AppXDeployment-Server
Id               : 5507
LevelDisplayName : Ausführlich
Message          : cc3a5ac8-ac09-4f03-b6c9-0cfd812841a0_1.0.0.0_x64__4dnmwfyw5v01r : C:\Program Files\WindowsApps\cc3a5ac8-ac09-4f03-b6c9-0cfd812841a0_1.0.0.0_x64__4dnmwfyw5v01r\microsoft.system.package.metadata\S-1-5-21-4244253877-375429984-2077537537-1001-MergedResources-*.pri : No user-specific 
                   merged files found

TimeCreated      : 05.01.2026 11:30:28
ProviderName     : Microsoft-Windows-AppXDeployment-Server
Id               : 5507
LevelDisplayName : Ausführlich
Message          : cc3a5ac8-ac09-4f03-b6c9-0cfd812841a0_1.0.0.0_x64__4dnmwfyw5v01r : C:\Program Files\WindowsApps\cc3a5ac8-ac09-4f03-b6c9-0cfd812841a0_1.0.0.0_x64__4dnmwfyw5v01r\microsoft.system.package.metadata\Resources.????????.pri : No shared merged files found

TimeCreated      : 05.01.2026 11:30:28
ProviderName     : Microsoft-Windows-AppXDeployment-Server
Id               : 5507
LevelDisplayName : Ausführlich
Message          : cc3a5ac8-ac09-4f03-b6c9-0cfd812841a0_1.0.0.0_x64__4dnmwfyw5v01r : C:\Program Files\WindowsApps\cc3a5ac8-ac09-4f03-b6c9-0cfd812841a0_1.0.0.0_x64__4dnmwfyw5v01r\microsoft.system.package.metadata\S-1-5-21-4244253877-375429984-2077537537-1001-MergedResources-*.pri : No user-specific 
                   merged files found

TimeCreated      : 05.01.2026 11:30:28
ProviderName     : Microsoft-Windows-AppXDeployment-Server
Id               : 603
LevelDisplayName : Informationen
Message          : Der Bereitstellungsvorgang RegisterByPackageFamilyName wurde für ein Paket mit dem Hauptparameter cc3a5ac8-ac09-4f03-b6c9-0cfd812841a0_4dnmwfyw5v01r und den Optionen SkipReregisterIfPackageStatusOk,ImmediatePriorityRequest und 0 gestartet. Weitere Informationen zum 
                   Diagnostizieren von Problemen bei der Bereitstellung von Apps finden Sie unter http://go.microsoft.com/fwlink/?LinkId=235160.

TimeCreated      : 05.01.2026 11:30:28
ProviderName     : Microsoft-Windows-AppXDeployment-Server
Id               : 857
LevelDisplayName : Ausführlich
Message          : Abruf des Registrierungsstatus für Paketfamilie cc3a5ac8-ac09-4f03-b6c9-0cfd812841a0_4dnmwfyw5v01r wurde beendet. Ergebnis: 0x0.(statusFound: false, Status: 0x0)

TimeCreated      : 05.01.2026 11:30:28
ProviderName     : Microsoft-Windows-AppXDeployment-Server
Id               : 856
LevelDisplayName : Ausführlich
Message          : Registrierungsstatus für Paketfamilie cc3a5ac8-ac09-4f03-b6c9-0cfd812841a0_4dnmwfyw5v01r für Benutzer S-1-5-21-4244253877-375429984-2077537537-1001 wird abgerufen.

TimeCreated      : 05.01.2026 11:30:28
ProviderName     : Microsoft-Windows-AppXDeployment-Server
Id               : 10000
LevelDisplayName : Ausführlich
Message          : Das Paket "cc3a5ac8-ac09-4f03-b6c9-0cfd812841a0_1.0.0.0_x64__4dnmwfyw5v01r" wird jetzt verarbeitet. Für das Festlegen des Paketstatus auf "Deaktiviert" wurde "0x0" zurückgegeben.

TimeCreated      : 05.01.2026 11:30:28
ProviderName     : Microsoft-Windows-AppXDeployment-Server
Id               : 573
LevelDisplayName : Informationen
Message          : Der Status "Synchronisierung aktiviert" wird festgelegt, Paketfamilienname cc3a5ac8-ac09-4f03-b6c9-0cfd812841a0_4dnmwfyw5v01r, false aktiviert.

TimeCreated      : 05.01.2026 11:30:28
ProviderName     : Microsoft-Windows-AppXDeployment-Server
Id               : 855
LevelDisplayName : Informationen
Message          : Auflösen von Vorgangslisten beendet. DeploymentRequest-Vorgangslisten: addPackageList: cc3a5ac8-ac09-4f03-b6c9-0cfd812841a0_1.0.0.0_x64__4dnmwfyw5v01r.

TimeCreated      : 05.01.2026 11:30:27
ProviderName     : Microsoft-Windows-AppXDeployment-Server
Id               : 629
LevelDisplayName : Ausführlich
Message          : Für Paket cc3a5ac8-ac09-4f03-b6c9-0cfd812841a0_1.0.0.0_x64__4dnmwfyw5v01r wurde kein anwendbares architekturübergreifendes Framework gefunden. Das Paket wird nur mit dem Matching-Architecture-Framework installiert.

TimeCreated      : 05.01.2026 11:30:27
ProviderName     : Microsoft-Windows-AppXDeployment-Server
Id               : 629
LevelDisplayName : Ausführlich
Message          : Für Paket cc3a5ac8-ac09-4f03-b6c9-0cfd812841a0_1.0.0.0_x64__4dnmwfyw5v01r wurde kein anwendbares architekturübergreifendes Framework gefunden. Das Paket wird nur mit dem Matching-Architecture-Framework installiert.

TimeCreated      : 05.01.2026 11:30:27
ProviderName     : Microsoft-Windows-AppXDeployment-Server
Id               : 629
LevelDisplayName : Ausführlich
Message          : Für Paket cc3a5ac8-ac09-4f03-b6c9-0cfd812841a0_1.0.0.0_x64__4dnmwfyw5v01r wurde kein anwendbares architekturübergreifendes Framework gefunden. Das Paket wird nur mit dem Matching-Architecture-Framework installiert.

TimeCreated      : 05.01.2026 11:30:27
ProviderName     : Microsoft-Windows-AppXDeployment-Server
Id               : 629
LevelDisplayName : Ausführlich
Message          : Für Paket cc3a5ac8-ac09-4f03-b6c9-0cfd812841a0_1.0.0.0_x64__4dnmwfyw5v01r wurde kein anwendbares architekturübergreifendes Framework gefunden. Das Paket wird nur mit dem Matching-Architecture-Framework installiert.

TimeCreated      : 05.01.2026 11:30:27
ProviderName     : Microsoft-Windows-AppXDeployment-Server
Id               : 854
LevelDisplayName : Informationen
Message          : Folgende zu verarbeitende(n) URI(s) wurde(n) erfolgreich hinzugefügt:  C:\Program Files\WindowsApps\cc3a5ac8-ac09-4f03-b6c9-0cfd812841a0_1.0.0.0_x64__4dnmwfyw5v01r\AppxManifest.xml.

TimeCreated      : 05.01.2026 11:30:27
ProviderName     : Microsoft-Windows-AppXDeployment-Server
Id               : 607
LevelDisplayName : Informationen
Message          : Der Bereitstellungsvorgang Register für das Paket cc3a5ac8-ac09-4f03-b6c9-0cfd812841a0_1.0.0.0_x64__4dnmwfyw5v01r wurde aus der Warteschlange entfernt und wird für die Benutzer-SID S-1-5-21-4244253877-375429984-2077537537-1001 ausgeführt.

TimeCreated      : 05.01.2026 11:30:27
ProviderName     : Microsoft-Windows-AppXDeployment-Server
Id               : 10002
LevelDisplayName : Ausführlich
Message          : Die Resilienzdatei "C:\ProgramData\Microsoft\Windows\AppRepository\deb328d5-3a97-4719-91fa-f6527e9e800e_S-1-5-21-4244253877-375429984-2077537537-1001_42.rslc" wird für den Vorgang "Register" im Paket "cc3a5ac8-ac09-4f03-b6c9-0cfd812841a0_1.0.0.0_x64__4dnmwfyw5v01r" erstellt.

TimeCreated      : 05.01.2026 11:30:27
ProviderName     : Microsoft-Windows-AppXDeployment-Server
Id               : 603
LevelDisplayName : Informationen
Message          : Der Bereitstellungsvorgang RegisterByPackageFamilyName wurde für ein Paket mit dem Hauptparameter cc3a5ac8-ac09-4f03-b6c9-0cfd812841a0_4dnmwfyw5v01r und den Optionen SkipReregisterIfPackageStatusOk,ImmediatePriorityRequest und 0 gestartet. Weitere Informationen zum 
                   Diagnostizieren von Problemen bei der Bereitstellung von Apps finden Sie unter http://go.microsoft.com/fwlink/?LinkId=235160.

TimeCreated      : 05.01.2026 11:30:27
ProviderName     : Microsoft-Windows-AppXDeployment-Server
Id               : 857
LevelDisplayName : Ausführlich
Message          : Abruf des Registrierungsstatus für Paketfamilie cc3a5ac8-ac09-4f03-b6c9-0cfd812841a0_4dnmwfyw5v01r wurde beendet. Ergebnis: 0x0.(statusFound: false, Status: 0x0)

TimeCreated      : 05.01.2026 11:30:27
ProviderName     : Microsoft-Windows-AppXDeployment-Server
Id               : 856
LevelDisplayName : Ausführlich
Message          : Registrierungsstatus für Paketfamilie cc3a5ac8-ac09-4f03-b6c9-0cfd812841a0_4dnmwfyw5v01r für Benutzer S-1-5-21-4244253877-375429984-2077537537-1001 wird abgerufen.

==== Recent AppReadiness/Admin log ====\n
PS>TerminatingError(Get-WinEvent): "Der ausgeführte Befehl wurde beendet, da die Einstellungsvariable "ErrorActionPreference" oder ein allgemeiner Parameter auf "Stop" festgelegt ist: Es wurden keine Ereignisse gefunden, die den angegebenen Auswahlkriterien entsprechen.."
AppReadiness/Admin query ERROR: Es wurden keine Ereignisse gefunden, die den angegebenen Auswahlkriterien entsprechen.

==== Recent AppReadiness/Operational log ====\n
PS>TerminatingError(Get-WinEvent): "Der ausgeführte Befehl wurde beendet, da die Einstellungsvariable "ErrorActionPreference" oder ein allgemeiner Parameter auf "Stop" festgelegt ist: Es wurden keine Ereignisse gefunden, die den angegebenen Auswahlkriterien entsprechen.."
AppReadiness/Operational query ERROR: Es wurden keine Ereignisse gefunden, die den angegebenen Auswahlkriterien entsprechen.

==== Recent AppHost/Admin log ====\n
PS>TerminatingError(Get-WinEvent): "Der ausgeführte Befehl wurde beendet, da die Einstellungsvariable "ErrorActionPreference" oder ein allgemeiner Parameter auf "Stop" festgelegt ist: Es wurden keine Ereignisse gefunden, die den angegebenen Auswahlkriterien entsprechen.."
AppHost/Admin query ERROR: Es wurden keine Ereignisse gefunden, die den angegebenen Auswahlkriterien entsprechen.

==== Recent AppHost/Operational log ====\n
PS>TerminatingError(Get-WinEvent): "Der ausgeführte Befehl wurde beendet, da die Einstellungsvariable "ErrorActionPreference" oder ein allgemeiner Parameter auf "Stop" festgelegt ist: Auf dem Computer "localhost" wurde kein Ereignisprotokoll gefunden, das "Microsoft-Windows-AppHost/Operational" entspricht.."
AppHost/Operational query ERROR: Auf dem Computer "localhost" wurde kein Ereignisprotokoll gefunden, das "Microsoft-Windows-AppHost/Operational" entspricht.

==== Recent CodeIntegrity/Operational log (blocked binaries) ====\n
PS>TerminatingError(Get-WinEvent): "Der ausgeführte Befehl wurde beendet, da die Einstellungsvariable "ErrorActionPreference" oder ein allgemeiner Parameter auf "Stop" festgelegt ist: Es wurden keine Ereignisse gefunden, die den angegebenen Auswahlkriterien entsprechen.."
CodeIntegrity/Operational query ERROR: Es wurden keine Ereignisse gefunden, die den angegebenen Auswahlkriterien entsprechen.

==== Recent AppLocker/EXE and DLL log (blocked binaries) ====\n
PS>TerminatingError(Get-WinEvent): "Der ausgeführte Befehl wurde beendet, da die Einstellungsvariable "ErrorActionPreference" oder ein allgemeiner Parameter auf "Stop" festgelegt ist: Es wurden keine Ereignisse gefunden, die den angegebenen Auswahlkriterien entsprechen.."
AppLocker/EXE and DLL query ERROR: Es wurden keine Ereignisse gefunden, die den angegebenen Auswahlkriterien entsprechen.
**********************
Ende der Windows PowerShell-Aufzeichnung
Endzeit: 20260105114210
**********************
